[2025-03-27T07:49:55.703+0000] {local_task_job_runner.py:123} INFO - ::group::Pre task execution logs
[2025-03-27T07:49:55.738+0000] {taskinstance.py:2614} INFO - Dependencies all met for dep_context=non-requeueable deps ti=<TaskInstance: construction_web_scraping_v01.scrape_and_store manual__2025-03-27T06:39:49.677216+00:00 [queued]>
[2025-03-27T07:49:55.749+0000] {taskinstance.py:2614} INFO - Dependencies all met for dep_context=requeueable deps ti=<TaskInstance: construction_web_scraping_v01.scrape_and_store manual__2025-03-27T06:39:49.677216+00:00 [queued]>
[2025-03-27T07:49:55.751+0000] {taskinstance.py:2867} INFO - Starting attempt 3 of 6
[2025-03-27T07:49:55.775+0000] {taskinstance.py:2890} INFO - Executing <Task(PythonOperator): scrape_and_store> on 2025-03-27 06:39:49.677216+00:00
[2025-03-27T07:49:55.783+0000] {standard_task_runner.py:72} INFO - Started process 6523 to run task
[2025-03-27T07:49:55.788+0000] {standard_task_runner.py:104} INFO - Running: ['***', 'tasks', 'run', 'construction_web_scraping_v01', 'scrape_and_store', 'manual__2025-03-27T06:39:49.677216+00:00', '--job-id', '68', '--raw', '--subdir', 'DAGS_FOLDER/construction_web_scraping.py', '--cfg-path', '/tmp/tmpq3ladrek']
[2025-03-27T07:49:55.792+0000] {standard_task_runner.py:105} INFO - Job 68: Subtask scrape_and_store
[2025-03-27T07:49:55.849+0000] {task_command.py:467} INFO - Running <TaskInstance: construction_web_scraping_v01.scrape_and_store manual__2025-03-27T06:39:49.677216+00:00 [running]> on host c79bd584e644
[2025-03-27T07:49:55.937+0000] {taskinstance.py:3134} INFO - Exporting env vars: AIRFLOW_CTX_DAG_OWNER='waiyong' AIRFLOW_CTX_DAG_ID='construction_web_scraping_v01' AIRFLOW_CTX_TASK_ID='scrape_and_store' AIRFLOW_CTX_EXECUTION_DATE='2025-03-27T06:39:49.677216+00:00' AIRFLOW_CTX_TRY_NUMBER='3' AIRFLOW_CTX_DAG_RUN_ID='manual__2025-03-27T06:39:49.677216+00:00'
[2025-03-27T07:49:55.940+0000] {taskinstance.py:732} INFO - ::endgroup::
[2025-03-27T07:49:55.956+0000] {logging_mixin.py:190} INFO - Scraping page 1...
[2025-03-27T07:50:12.625+0000] {logging_mixin.py:190} INFO - Scraping page 2...
[2025-03-27T07:50:31.869+0000] {logging_mixin.py:190} INFO - Scraping page 3...
[2025-03-27T07:50:53.149+0000] {logging_mixin.py:190} INFO - Scraping page 4...
[2025-03-27T07:51:10.779+0000] {logging_mixin.py:190} INFO - Scraping page 5...
[2025-03-27T07:51:28.765+0000] {logging_mixin.py:190} INFO - Scraping page 6...
[2025-03-27T07:51:46.807+0000] {logging_mixin.py:190} INFO - Scraping page 7...
[2025-03-27T07:52:03.459+0000] {logging_mixin.py:190} INFO - Scraping page 8...
[2025-03-27T07:52:19.695+0000] {logging_mixin.py:190} INFO - Scraping page 9...
[2025-03-27T07:52:36.553+0000] {logging_mixin.py:190} INFO - Scraping page 10...
[2025-03-27T07:52:52.378+0000] {logging_mixin.py:190} INFO - Scraping page 11...
[2025-03-27T07:53:08.319+0000] {logging_mixin.py:190} INFO - Scraping page 12...
[2025-03-27T07:53:24.557+0000] {logging_mixin.py:190} INFO - Scraping page 13...
[2025-03-27T07:53:39.675+0000] {logging_mixin.py:190} INFO - Scraping page 14...
[2025-03-27T07:53:57.353+0000] {logging_mixin.py:190} INFO - Scraping page 15...
[2025-03-27T07:54:13.148+0000] {logging_mixin.py:190} INFO - Scraping page 16...
[2025-03-27T07:54:28.640+0000] {logging_mixin.py:190} INFO - Scraping page 17...
[2025-03-27T07:54:48.182+0000] {logging_mixin.py:190} INFO - Scraping page 18...
[2025-03-27T07:55:06.085+0000] {logging_mixin.py:190} INFO - Scraping page 19...
[2025-03-27T07:55:22.753+0000] {logging_mixin.py:190} INFO - Scraping page 20...
[2025-03-27T07:55:38.230+0000] {logging_mixin.py:190} INFO - Scraping page 21...
[2025-03-27T07:55:55.443+0000] {logging_mixin.py:190} INFO - Scraping page 22...
[2025-03-27T07:56:12.268+0000] {logging_mixin.py:190} INFO - Scraping page 23...
[2025-03-27T07:56:30.817+0000] {logging_mixin.py:190} INFO - Scraping page 24...
[2025-03-27T07:56:50.896+0000] {logging_mixin.py:190} INFO - Scraping page 25...
[2025-03-27T07:57:08.309+0000] {logging_mixin.py:190} INFO - Scraping page 26...
[2025-03-27T07:57:24.653+0000] {logging_mixin.py:190} INFO - Scraping page 27...
[2025-03-27T07:57:40.481+0000] {logging_mixin.py:190} INFO - Scraping page 28...
[2025-03-27T07:57:58.000+0000] {logging_mixin.py:190} INFO - Scraping page 29...
[2025-03-27T07:58:14.744+0000] {logging_mixin.py:190} INFO - Scraping page 30...
[2025-03-27T07:58:30.241+0000] {logging_mixin.py:190} INFO - Scraping page 31...
[2025-03-27T07:58:47.641+0000] {logging_mixin.py:190} INFO - Scraping page 32...
[2025-03-27T07:59:06.564+0000] {logging_mixin.py:190} INFO - Scraping page 33...
[2025-03-27T07:59:21.872+0000] {logging_mixin.py:190} INFO - Scraping page 34...
[2025-03-27T07:59:38.630+0000] {logging_mixin.py:190} INFO - Scraping page 35...
[2025-03-27T07:59:55.058+0000] {logging_mixin.py:190} INFO - Scraping page 36...
[2025-03-27T08:00:15.391+0000] {logging_mixin.py:190} INFO - Scraping page 37...
[2025-03-27T08:00:33.329+0000] {logging_mixin.py:190} INFO - Scraping page 38...
[2025-03-27T08:00:49.505+0000] {logging_mixin.py:190} INFO - Scraping page 39...
[2025-03-27T08:01:06.720+0000] {logging_mixin.py:190} INFO - Scraping page 40...
[2025-03-27T08:01:22.477+0000] {logging_mixin.py:190} INFO - Scraping page 41...
[2025-03-27T08:01:38.706+0000] {logging_mixin.py:190} INFO - Scraping page 42...
[2025-03-27T08:01:55.261+0000] {logging_mixin.py:190} INFO - Scraping page 43...
[2025-03-27T08:02:12.331+0000] {logging_mixin.py:190} INFO - Scraping page 44...
[2025-03-27T08:02:29.624+0000] {logging_mixin.py:190} INFO - Scraping page 45...
[2025-03-27T08:02:46.316+0000] {logging_mixin.py:190} INFO - Scraping page 46...
[2025-03-27T08:03:08.078+0000] {logging_mixin.py:190} INFO - Scraping page 47...
[2025-03-27T08:03:24.556+0000] {logging_mixin.py:190} INFO - Scraping page 48...
[2025-03-27T08:03:46.388+0000] {logging_mixin.py:190} INFO - Scraping page 49...
[2025-03-27T08:04:04.052+0000] {logging_mixin.py:190} INFO - Scraping page 50...
[2025-03-27T08:04:22.758+0000] {logging_mixin.py:190} INFO - Scraping page 51...
[2025-03-27T08:04:46.860+0000] {logging_mixin.py:190} INFO - Scraping page 52...
[2025-03-27T08:05:06.499+0000] {logging_mixin.py:190} INFO - Scraping page 53...
[2025-03-27T08:05:23.034+0000] {logging_mixin.py:190} INFO - Scraping page 54...
[2025-03-27T08:05:39.268+0000] {logging_mixin.py:190} INFO - Scraping page 55...
[2025-03-27T08:05:56.167+0000] {logging_mixin.py:190} INFO - Scraping page 56...
[2025-03-27T08:06:11.570+0000] {logging_mixin.py:190} INFO - Scraping page 57...
[2025-03-27T08:06:28.486+0000] {logging_mixin.py:190} INFO - Scraping page 58...
[2025-03-27T08:06:44.807+0000] {logging_mixin.py:190} INFO - Scraping page 59...
[2025-03-27T08:07:02.111+0000] {logging_mixin.py:190} INFO - Scraping page 60...
[2025-03-27T08:07:20.028+0000] {logging_mixin.py:190} INFO - Scraping page 61...
[2025-03-27T08:07:36.891+0000] {logging_mixin.py:190} INFO - Scraping page 62...
[2025-03-27T08:07:54.558+0000] {logging_mixin.py:190} INFO - Scraping page 63...
[2025-03-27T08:08:14.975+0000] {logging_mixin.py:190} INFO - Scraping page 64...
[2025-03-27T08:08:33.426+0000] {logging_mixin.py:190} INFO - Scraping page 65...
[2025-03-27T08:08:52.475+0000] {logging_mixin.py:190} INFO - Scraping page 66...
[2025-03-27T08:09:09.319+0000] {logging_mixin.py:190} INFO - Scraping page 67...
[2025-03-27T08:09:28.667+0000] {logging_mixin.py:190} INFO - Scraping page 68...
[2025-03-27T08:09:46.328+0000] {logging_mixin.py:190} INFO - Scraping page 69...
[2025-03-27T08:10:03.633+0000] {logging_mixin.py:190} INFO - Scraping page 70...
[2025-03-27T08:10:25.513+0000] {logging_mixin.py:190} INFO - Error scraping https://teduh.kpkt.gov.my/project-swasta/19744-2: HTTPSConnectionPool(host='teduh.kpkt.gov.my', port=443): Read timed out. (read timeout=10)
[2025-03-27T08:52:01.827+0000] {job.py:229} INFO - Heartbeat recovered after 2512.64 seconds
[2025-03-27T08:52:01.865+0000] {local_task_job_runner.py:228} ERROR - Heartbeat time limit exceeded!
[2025-03-27T08:52:01.868+0000] {local_task_job_runner.py:245} INFO - ::endgroup::
[2025-03-27T08:52:01.872+0000] {process_utils.py:132} INFO - Sending 15 to group 6523. PIDs of all processes in the group: [6523]
[2025-03-27T08:52:01.873+0000] {process_utils.py:87} INFO - Sending the signal 15 to group 6523
[2025-03-27T08:52:02.805+0000] {taskinstance.py:3094} ERROR - Received SIGTERM. Terminating subprocesses.
[2025-03-27T08:52:02.866+0000] {taskinstance.py:3095} ERROR - Stacktrace: 
  File "/home/***/.local/bin/***", line 8, in <module>
    sys.exit(main())
  File "/home/***/.local/lib/python3.10/site-packages/***/__main__.py", line 62, in main
    args.func(args)
  File "/home/***/.local/lib/python3.10/site-packages/***/cli/cli_config.py", line 49, in command
    return func(*args, **kwargs)
  File "/home/***/.local/lib/python3.10/site-packages/***/utils/cli.py", line 116, in wrapper
    return f(*args, **kwargs)
  File "/home/***/.local/lib/python3.10/site-packages/***/utils/providers_configuration_loader.py", line 55, in wrapped_function
    return func(*args, **kwargs)
  File "/home/***/.local/lib/python3.10/site-packages/***/cli/commands/scheduler_command.py", line 56, in scheduler
    run_command_with_daemon_option(
  File "/home/***/.local/lib/python3.10/site-packages/***/cli/commands/daemon_utils.py", line 86, in run_command_with_daemon_option
    callback()
  File "/home/***/.local/lib/python3.10/site-packages/***/cli/commands/scheduler_command.py", line 59, in <lambda>
    callback=lambda: _run_scheduler_job(args),
  File "/home/***/.local/lib/python3.10/site-packages/***/cli/commands/scheduler_command.py", line 47, in _run_scheduler_job
    run_job(job=job_runner.job, execute_callable=job_runner._execute)
  File "/home/***/.local/lib/python3.10/site-packages/***/utils/session.py", line 97, in wrapper
    return func(*args, session=session, **kwargs)
  File "/home/***/.local/lib/python3.10/site-packages/***/jobs/job.py", line 421, in run_job
    return execute_job(job, execute_callable=execute_callable)
  File "/home/***/.local/lib/python3.10/site-packages/***/jobs/job.py", line 450, in execute_job
    ret = execute_callable()
  File "/home/***/.local/lib/python3.10/site-packages/***/jobs/scheduler_job_runner.py", line 990, in _execute
    executor.start()
  File "/home/***/.local/lib/python3.10/site-packages/***/executors/local_executor.py", line 392, in start
    self.impl.start()
  File "/home/***/.local/lib/python3.10/site-packages/***/executors/local_executor.py", line 330, in start
    worker.start()
  File "/usr/local/lib/python3.10/multiprocessing/process.py", line 121, in start
    self._popen = self._Popen(self)
  File "/usr/local/lib/python3.10/multiprocessing/context.py", line 224, in _Popen
    return _default_context.get_context().Process._Popen(process_obj)
  File "/usr/local/lib/python3.10/multiprocessing/context.py", line 281, in _Popen
    return Popen(process_obj)
  File "/usr/local/lib/python3.10/multiprocessing/popen_fork.py", line 19, in __init__
    self._launch(process_obj)
  File "/usr/local/lib/python3.10/multiprocessing/popen_fork.py", line 71, in _launch
    code = process_obj._bootstrap(parent_sentinel=child_r)
  File "/usr/local/lib/python3.10/multiprocessing/process.py", line 314, in _bootstrap
    self.run()
  File "/home/***/.local/lib/python3.10/site-packages/***/executors/local_executor.py", line 80, in run
    return super().run()
  File "/usr/local/lib/python3.10/multiprocessing/process.py", line 108, in run
    self._target(*self._args, **self._kwargs)
  File "/home/***/.local/lib/python3.10/site-packages/***/traces/tracer.py", line 58, in wrapper
    return func(*args, **kwargs)
  File "/home/***/.local/lib/python3.10/site-packages/***/executors/local_executor.py", line 211, in do_work
    self.execute_work(key=key, command=command)
  File "/home/***/.local/lib/python3.10/site-packages/***/traces/tracer.py", line 58, in wrapper
    return func(*args, **kwargs)
  File "/home/***/.local/lib/python3.10/site-packages/***/executors/local_executor.py", line 100, in execute_work
    state = self._execute_work_in_fork(command)
  File "/home/***/.local/lib/python3.10/site-packages/***/traces/tracer.py", line 58, in wrapper
    return func(*args, **kwargs)
  File "/home/***/.local/lib/python3.10/site-packages/***/executors/local_executor.py", line 142, in _execute_work_in_fork
    args.func(args)
  File "/home/***/.local/lib/python3.10/site-packages/***/cli/cli_config.py", line 49, in command
    return func(*args, **kwargs)
  File "/home/***/.local/lib/python3.10/site-packages/***/utils/cli.py", line 116, in wrapper
    return f(*args, **kwargs)
  File "/home/***/.local/lib/python3.10/site-packages/***/cli/commands/task_command.py", line 483, in task_run
    task_return_code = _run_task_by_selected_method(args, _dag, ti)
  File "/home/***/.local/lib/python3.10/site-packages/***/cli/commands/task_command.py", line 254, in _run_task_by_selected_method
    return _run_task_by_local_task_job(args, ti)
  File "/home/***/.local/lib/python3.10/site-packages/***/cli/commands/task_command.py", line 322, in _run_task_by_local_task_job
    ret = run_job(job=job_runner.job, execute_callable=job_runner._execute)
  File "/home/***/.local/lib/python3.10/site-packages/***/utils/session.py", line 97, in wrapper
    return func(*args, session=session, **kwargs)
  File "/home/***/.local/lib/python3.10/site-packages/***/jobs/job.py", line 421, in run_job
    return execute_job(job, execute_callable=execute_callable)
  File "/home/***/.local/lib/python3.10/site-packages/***/jobs/job.py", line 450, in execute_job
    ret = execute_callable()
  File "/home/***/.local/lib/python3.10/site-packages/***/jobs/local_task_job_runner.py", line 171, in _execute
    self.task_runner.start()
  File "/home/***/.local/lib/python3.10/site-packages/***/task/task_runner/standard_task_runner.py", line 55, in start
    self.process = self._start_by_fork()
  File "/home/***/.local/lib/python3.10/site-packages/***/task/task_runner/standard_task_runner.py", line 117, in _start_by_fork
    ret = args.func(args, dag=self.dag)
  File "/home/***/.local/lib/python3.10/site-packages/***/cli/cli_config.py", line 49, in command
    return func(*args, **kwargs)
  File "/home/***/.local/lib/python3.10/site-packages/***/utils/cli.py", line 116, in wrapper
    return f(*args, **kwargs)
  File "/home/***/.local/lib/python3.10/site-packages/***/cli/commands/task_command.py", line 483, in task_run
    task_return_code = _run_task_by_selected_method(args, _dag, ti)
  File "/home/***/.local/lib/python3.10/site-packages/***/cli/commands/task_command.py", line 256, in _run_task_by_selected_method
    return _run_raw_task(args, ti)
  File "/home/***/.local/lib/python3.10/site-packages/***/cli/commands/task_command.py", line 341, in _run_raw_task
    return ti._run_raw_task(
  File "/home/***/.local/lib/python3.10/site-packages/***/utils/session.py", line 97, in wrapper
    return func(*args, session=session, **kwargs)
  File "/home/***/.local/lib/python3.10/site-packages/***/models/taskinstance.py", line 3006, in _run_raw_task
    return _run_raw_task(
  File "/home/***/.local/lib/python3.10/site-packages/***/models/taskinstance.py", line 274, in _run_raw_task
    TaskInstance._execute_task_with_callbacks(
  File "/home/***/.local/lib/python3.10/site-packages/***/models/taskinstance.py", line 3161, in _execute_task_with_callbacks
    result = self._execute_task(context, task_orig)
  File "/home/***/.local/lib/python3.10/site-packages/***/models/taskinstance.py", line 3185, in _execute_task
    return _execute_task(self, context, task_orig)
  File "/home/***/.local/lib/python3.10/site-packages/***/models/taskinstance.py", line 763, in _execute_task
    result = _execute_callable(context=context, **execute_callable_kwargs)
  File "/home/***/.local/lib/python3.10/site-packages/***/models/taskinstance.py", line 734, in _execute_callable
    return ExecutionCallableRunner(
  File "/home/***/.local/lib/python3.10/site-packages/***/utils/operator_helpers.py", line 252, in run
    return self.func(*args, **kwargs)
  File "/home/***/.local/lib/python3.10/site-packages/***/models/baseoperator.py", line 424, in wrapper
    return func(self, *args, **kwargs)
  File "/home/***/.local/lib/python3.10/site-packages/***/operators/python.py", line 238, in execute
    return_value = self.execute_callable()
  File "/home/***/.local/lib/python3.10/site-packages/***/operators/python.py", line 256, in execute_callable
    return runner.run(*self.op_args, **self.op_kwargs)
  File "/home/***/.local/lib/python3.10/site-packages/***/utils/operator_helpers.py", line 252, in run
    return self.func(*args, **kwargs)
  File "/opt/***/dags/construction_web_scraping.py", line 183, in run_scraper
    daerah, negeri, harga_min, harga_maks = scrape_additional_data(link)
  File "/opt/***/dags/construction_web_scraping.py", line 45, in scrape_additional_data
    response = requests.get(link, timeout=10)
  File "/home/***/.local/lib/python3.10/site-packages/requests/api.py", line 73, in get
    return request("get", url, params=params, **kwargs)
  File "/home/***/.local/lib/python3.10/site-packages/requests/api.py", line 59, in request
    return session.request(method=method, url=url, **kwargs)
  File "/home/***/.local/lib/python3.10/site-packages/requests/sessions.py", line 589, in request
    resp = self.send(prep, **send_kwargs)
  File "/home/***/.local/lib/python3.10/site-packages/requests/sessions.py", line 703, in send
    r = adapter.send(request, **kwargs)
  File "/home/***/.local/lib/python3.10/site-packages/requests/adapters.py", line 667, in send
    resp = conn.urlopen(
  File "/home/***/.local/lib/python3.10/site-packages/urllib3/connectionpool.py", line 787, in urlopen
    response = self._make_request(
  File "/home/***/.local/lib/python3.10/site-packages/urllib3/connectionpool.py", line 464, in _make_request
    self._validate_conn(conn)
  File "/home/***/.local/lib/python3.10/site-packages/urllib3/connectionpool.py", line 1093, in _validate_conn
    conn.connect()
  File "/home/***/.local/lib/python3.10/site-packages/urllib3/connection.py", line 704, in connect
    self.sock = sock = self._new_conn()
  File "/home/***/.local/lib/python3.10/site-packages/urllib3/connection.py", line 198, in _new_conn
    sock = connection.create_connection(
  File "/home/***/.local/lib/python3.10/site-packages/***/models/taskinstance.py", line 3095, in signal_handler
    self.log.error("Stacktrace: \n%s", "".join(traceback.format_stack()))

[2025-03-27T08:52:02.891+0000] {taskinstance.py:3313} ERROR - Task failed with exception
Traceback (most recent call last):
  File "/home/airflow/.local/lib/python3.10/site-packages/urllib3/connection.py", line 198, in _new_conn
    sock = connection.create_connection(
  File "/home/airflow/.local/lib/python3.10/site-packages/urllib3/util/connection.py", line 60, in create_connection
    for res in socket.getaddrinfo(host, port, family, socket.SOCK_STREAM):
  File "/usr/local/lib/python3.10/socket.py", line 967, in getaddrinfo
    for res in _socket.getaddrinfo(host, port, family, type, proto, flags):
socket.gaierror: [Errno -2] Name or service not known

During handling of the above exception, another exception occurred:

Traceback (most recent call last):
  File "/home/airflow/.local/lib/python3.10/site-packages/airflow/models/taskinstance.py", line 763, in _execute_task
    result = _execute_callable(context=context, **execute_callable_kwargs)
  File "/home/airflow/.local/lib/python3.10/site-packages/airflow/models/taskinstance.py", line 734, in _execute_callable
    return ExecutionCallableRunner(
  File "/home/airflow/.local/lib/python3.10/site-packages/airflow/utils/operator_helpers.py", line 252, in run
    return self.func(*args, **kwargs)
  File "/home/airflow/.local/lib/python3.10/site-packages/airflow/models/baseoperator.py", line 424, in wrapper
    return func(self, *args, **kwargs)
  File "/home/airflow/.local/lib/python3.10/site-packages/airflow/operators/python.py", line 238, in execute
    return_value = self.execute_callable()
  File "/home/airflow/.local/lib/python3.10/site-packages/airflow/operators/python.py", line 256, in execute_callable
    return runner.run(*self.op_args, **self.op_kwargs)
  File "/home/airflow/.local/lib/python3.10/site-packages/airflow/utils/operator_helpers.py", line 252, in run
    return self.func(*args, **kwargs)
  File "/opt/airflow/dags/construction_web_scraping.py", line 183, in run_scraper
    daerah, negeri, harga_min, harga_maks = scrape_additional_data(link)
  File "/opt/airflow/dags/construction_web_scraping.py", line 45, in scrape_additional_data
    response = requests.get(link, timeout=10)
  File "/home/airflow/.local/lib/python3.10/site-packages/requests/api.py", line 73, in get
    return request("get", url, params=params, **kwargs)
  File "/home/airflow/.local/lib/python3.10/site-packages/requests/api.py", line 59, in request
    return session.request(method=method, url=url, **kwargs)
  File "/home/airflow/.local/lib/python3.10/site-packages/requests/sessions.py", line 589, in request
    resp = self.send(prep, **send_kwargs)
  File "/home/airflow/.local/lib/python3.10/site-packages/requests/sessions.py", line 703, in send
    r = adapter.send(request, **kwargs)
  File "/home/airflow/.local/lib/python3.10/site-packages/requests/adapters.py", line 667, in send
    resp = conn.urlopen(
  File "/home/airflow/.local/lib/python3.10/site-packages/urllib3/connectionpool.py", line 787, in urlopen
    response = self._make_request(
  File "/home/airflow/.local/lib/python3.10/site-packages/urllib3/connectionpool.py", line 464, in _make_request
    self._validate_conn(conn)
  File "/home/airflow/.local/lib/python3.10/site-packages/urllib3/connectionpool.py", line 1093, in _validate_conn
    conn.connect()
  File "/home/airflow/.local/lib/python3.10/site-packages/urllib3/connection.py", line 704, in connect
    self.sock = sock = self._new_conn()
  File "/home/airflow/.local/lib/python3.10/site-packages/urllib3/connection.py", line 198, in _new_conn
    sock = connection.create_connection(
  File "/home/airflow/.local/lib/python3.10/site-packages/airflow/models/taskinstance.py", line 3097, in signal_handler
    raise AirflowTaskTerminated("Task received SIGTERM signal")
airflow.exceptions.AirflowTaskTerminated: Task received SIGTERM signal
[2025-03-27T08:52:02.908+0000] {taskinstance.py:1226} INFO - Marking task as UP_FOR_RETRY. dag_id=construction_web_scraping_v01, task_id=scrape_and_store, run_id=manual__2025-03-27T06:39:49.677216+00:00, execution_date=20250327T063949, start_date=20250327T074955, end_date=20250327T085202
[2025-03-27T08:52:02.986+0000] {taskinstance.py:341} INFO - ::group::Post task execution logs
[2025-03-27T08:52:03.030+0000] {process_utils.py:80} INFO - Process psutil.Process(pid=6523, status='terminated', exitcode=2, started='07:49:55') (6523) terminated with exit code 2
